d:\c\lianliankan2\debug\lianliankan2.pch
d:\c\lianliankan2\debug\vc142.pdb
d:\c\lianliankan2\debug\vc142.idb
d:\c\lianliankan2\debug\pch.obj
d:\c\lianliankan2\debug\lianliankan2dlg.obj
d:\c\lianliankan2\debug\lianliankan2.obj
d:\c\lianliankan2\debug\cgamelogic.obj
d:\c\lianliankan2\debug\cgamedlg.obj
d:\c\lianliankan2\debug\cgamecontrol.obj
d:\c\lianliankan2\debug\lianliankan2.exe
d:\c\lianliankan2\debug\lianliankan2.ilk
d:\c\lianliankan2\debug\lianliankan2.pdb
d:\c\lianliankan2\debug\lianliankan2.res
d:\c\lianliankan2\debug\lianliankan2.tlog\cl.command.1.tlog
d:\c\lianliankan2\debug\lianliankan2.tlog\cl.read.1.tlog
d:\c\lianliankan2\debug\lianliankan2.tlog\cl.write.1.tlog
d:\c\lianliankan2\debug\lianliankan2.tlog\link.command.1.tlog
d:\c\lianliankan2\debug\lianliankan2.tlog\link.read.1.tlog
d:\c\lianliankan2\debug\lianliankan2.tlog\link.write.1.tlog
d:\c\lianliankan2\debug\lianliankan2.tlog\rc.command.1.tlog
d:\c\lianliankan2\debug\lianliankan2.tlog\rc.read.1.tlog
d:\c\lianliankan2\debug\lianliankan2.tlog\rc.write.1.tlog
